
(giggle:29468): GLib-CRITICAL **: Source ID 8482 was not found when attempting to remove it

(giggle:29468): GLib-CRITICAL **: Source ID 8824 was not found when attempting to remove it

(giggle:29468): GLib-CRITICAL **: Source ID 8898 was not found when attempting to remove it

(giggle:29468): GLib-CRITICAL **: Source ID 8977 was not found when attempting to remove it

(giggle:29468): GLib-CRITICAL **: Source ID 9107 was not found when attempting to remove it

(giggle:29468): GLib-CRITICAL **: Source ID 9202 was not found when attempting to remove it

(giggle:29468): GLib-CRITICAL **: Source ID 29429 was not found when attempting to remove it

(giggle:29468): GLib-CRITICAL **: Source ID 29515 was not found when attempting to remove it

(giggle:29468): GLib-CRITICAL **: Source ID 30147 was not found when attempting to remove it

(giggle:29468): GLib-CRITICAL **: Source ID 30244 was not found when attempting to remove it

(giggle:29468): GLib-CRITICAL **: Source ID 30367 was not found when attempting to remove it

(giggle:29468): GLib-CRITICAL **: Source ID 30537 was not found when attempting to remove it

(giggle:29468): GLib-CRITICAL **: Source ID 30871 was not found when attempting to remove it

(giggle:29468): GLib-CRITICAL **: Source ID 32486 was not found when attempting to remove it

(giggle:29468): GLib-CRITICAL **: Source ID 32982 was not found when attempting to remove it

(giggle:29468): GLib-CRITICAL **: Source ID 33062 was not found when attempting to remove it

(giggle:29468): GLib-CRITICAL **: Source ID 35787 was not found when attempting to remove it

(giggle:29468): GLib-CRITICAL **: Source ID 36461 was not found when attempting to remove it

(giggle:29468): GLib-CRITICAL **: Source ID 36598 was not found when attempting to remove it

(giggle:29468): GLib-CRITICAL **: Source ID 37116 was not found when attempting to remove it

(giggle:29468): GLib-CRITICAL **: Source ID 37230 was not found when attempting to remove it

(giggle:29468): GLib-CRITICAL **: Source ID 37303 was not found when attempting to remove it

(qgit:30421): Gtk-CRITICAL **: IA__gtk_widget_get_direction: assertion 'GTK_IS_WIDGET (widget)' failed

(qgit:30421): Gtk-CRITICAL **: IA__gtk_widget_get_direction: assertion 'GTK_IS_WIDGET (widget)' failed
Saving cache. Please wait...
Compressing data...
Done.
