0 info it worked if it ends with ok
1 verbose cli [ '/usr/local/bin/node',
1 verbose cli   '/usr/local/bin/npm',
1 verbose cli   'install',
1 verbose cli   '-g',
1 verbose cli   'uglify' ]
2 info using npm@2.0.0
3 info using node@v0.11.14
4 verbose cache add [ 'uglify', null ]
5 verbose cache add spec="uglify" args=["uglify",null]
6 verbose parsed spec { raw: 'uglify',
6 verbose parsed spec   scope: null,
6 verbose parsed spec   name: 'uglify',
6 verbose parsed spec   rawSpec: '',
6 verbose parsed spec   spec: '*',
6 verbose parsed spec   type: 'range' }
7 verbose parsed spec { raw: 'uglify',
7 verbose parsed spec   scope: null,
7 verbose parsed spec   name: 'uglify',
7 verbose parsed spec   rawSpec: '',
7 verbose parsed spec   spec: '*',
7 verbose parsed spec   type: 'range' }
8 verbose addNamed [ 'uglify', '*' ]
9 verbose addNamed [ null, '*' ]
10 silly lockFile 166d8baa-uglify uglify@*
11 verbose lock uglify@* /home/jolugama/.npm/166d8baa-uglify.lock
12 silly addNameRange { name: 'uglify', range: '*', hasData: false }
13 verbose mapToRegistry name uglify
14 verbose mapToRegistry uri https://registry.npmjs.org/uglify
15 verbose request on initialization, where is /uglify
16 verbose request after pass 1, where is /uglify
17 verbose request url raw /uglify
18 verbose request resolving registry [ 'https://registry.npmjs.org/', './uglify' ]
19 verbose request after pass 2, where is https://registry.npmjs.org/uglify
20 verbose request no auth needed
21 info attempt registry request try #1 at 20:57:45
22 verbose request id 467ccf032dae0b97
23 http request GET https://registry.npmjs.org/uglify
24 http 404 https://registry.npmjs.org/uglify
25 verbose headers { date: 'Thu, 30 Oct 2014 19:57:45 GMT',
25 verbose headers   server: 'CouchDB/1.5.0 (Erlang OTP/R16B03)',
25 verbose headers   'content-type': 'application/json',
25 verbose headers   'cache-control': 'max-age=0',
25 verbose headers   'content-length': '52',
25 verbose headers   'accept-ranges': 'bytes',
25 verbose headers   via: '1.1 varnish',
25 verbose headers   age: '0',
25 verbose headers   'x-served-by': 'cache-lcy1135-LCY',
25 verbose headers   'x-cache': 'MISS',
25 verbose headers   'x-cache-hits': '0',
25 verbose headers   'x-timer': 'S1414699065.181390,VS0,VE355',
25 verbose headers   connection: 'close' }
26 silly registry.get cb [ 404,
26 silly registry.get   { date: 'Thu, 30 Oct 2014 19:57:45 GMT',
26 silly registry.get     server: 'CouchDB/1.5.0 (Erlang OTP/R16B03)',
26 silly registry.get     'content-type': 'application/json',
26 silly registry.get     'cache-control': 'max-age=0',
26 silly registry.get     'content-length': '52',
26 silly registry.get     'accept-ranges': 'bytes',
26 silly registry.get     via: '1.1 varnish',
26 silly registry.get     age: '0',
26 silly registry.get     'x-served-by': 'cache-lcy1135-LCY',
26 silly registry.get     'x-cache': 'MISS',
26 silly registry.get     'x-cache-hits': '0',
26 silly registry.get     'x-timer': 'S1414699065.181390,VS0,VE355',
26 silly registry.get     connection: 'close' } ]
27 silly lockFile 166d8baa-uglify uglify@*
28 silly lockFile 166d8baa-uglify uglify@*
29 verbose stack Error: 404 Not Found: uglify
29 verbose stack     at RegClient.<anonymous> (/usr/local/lib/node_modules/npm/node_modules/npm-registry-client/lib/request.js:259:14)
29 verbose stack     at Request._callback (/usr/local/lib/node_modules/npm/node_modules/npm-registry-client/lib/request.js:198:65)
29 verbose stack     at Request.self.callback (/usr/local/lib/node_modules/npm/node_modules/request/request.js:236:22)
29 verbose stack     at Request.emit (events.js:110:17)
29 verbose stack     at Request.<anonymous> (/usr/local/lib/node_modules/npm/node_modules/request/request.js:1142:14)
29 verbose stack     at Request.emit (events.js:129:20)
29 verbose stack     at IncomingMessage.<anonymous> (/usr/local/lib/node_modules/npm/node_modules/request/request.js:1096:12)
29 verbose stack     at IncomingMessage.emit (events.js:129:20)
29 verbose stack     at _stream_readable.js:907:16
29 verbose stack     at process._tickCallback (node.js:372:11)
30 verbose statusCode 404
31 verbose pkgid uglify
32 verbose cwd /home/jolugama/TRABAJO/webs/pruebasAngular
33 error Linux 3.13.0-24-generic
34 error argv "/usr/local/bin/node" "/usr/local/bin/npm" "install" "-g" "uglify"
35 error node v0.11.14
36 error npm  v2.0.0
37 error code E404
38 error 404 Not Found: uglify
38 error 404
38 error 404 'uglify' is not in the npm registry.
38 error 404 You should bug the author to publish it (or use the name yourself!)
38 error 404
38 error 404 Note that you can also install from a
38 error 404 tarball, folder, http url, or git url.
39 verbose exit [ 1, true ]
